2018-08-07 15:40:03 [scrapy.utils.log] INFO: Scrapy 1.5.1 started (bot: tencentjob)
2018-08-07 15:40:03 [scrapy.utils.log] INFO: Versions: lxml 4.2.1.0, libxml2 2.9.5, cssselect 1.0.3, parsel 1.5.0, w3lib 1.19.0, Twisted 18.7.0, Python 3.6.2 (v3.6.2:5fd33b5, Jul  8 2017, 04:14:34) [MSC v.1900 32 bit (Intel)], pyOpenSSL 18.0.0 (OpenSSL 1.1.0h  27 Mar 2018), cryptography 2.3, Platform Windows-10-10.0.14393-SP0
2018-08-07 15:40:03 [scrapy.crawler] INFO: Overridden settings: {'BOT_NAME': 'tencentjob', 'LOG_FILE': 'TencentSpider.log', 'LOG_LEVEL': 'INFO', 'NEWSPIDER_MODULE': 'tencentjob.spiders', 'ROBOTSTXT_OBEY': True, 'SPIDER_MODULES': ['tencentjob.spiders']}
2018-08-07 15:40:03 [scrapy.middleware] INFO: Enabled extensions:
['scrapy.extensions.corestats.CoreStats',
 'scrapy.extensions.telnet.TelnetConsole',
 'scrapy.extensions.logstats.LogStats']
2018-08-07 15:40:04 [scrapy.middleware] INFO: Enabled downloader middlewares:
['scrapy.downloadermiddlewares.robotstxt.RobotsTxtMiddleware',
 'scrapy.downloadermiddlewares.httpauth.HttpAuthMiddleware',
 'scrapy.downloadermiddlewares.downloadtimeout.DownloadTimeoutMiddleware',
 'scrapy.downloadermiddlewares.defaultheaders.DefaultHeadersMiddleware',
 'scrapy.downloadermiddlewares.useragent.UserAgentMiddleware',
 'scrapy.downloadermiddlewares.retry.RetryMiddleware',
 'scrapy.downloadermiddlewares.redirect.MetaRefreshMiddleware',
 'scrapy.downloadermiddlewares.httpcompression.HttpCompressionMiddleware',
 'scrapy.downloadermiddlewares.redirect.RedirectMiddleware',
 'scrapy.downloadermiddlewares.cookies.CookiesMiddleware',
 'scrapy.downloadermiddlewares.httpproxy.HttpProxyMiddleware',
 'scrapy.downloadermiddlewares.stats.DownloaderStats']
2018-08-07 15:40:04 [scrapy.middleware] INFO: Enabled spider middlewares:
['scrapy.spidermiddlewares.httperror.HttpErrorMiddleware',
 'scrapy.spidermiddlewares.offsite.OffsiteMiddleware',
 'scrapy.spidermiddlewares.referer.RefererMiddleware',
 'scrapy.spidermiddlewares.urllength.UrlLengthMiddleware',
 'scrapy.spidermiddlewares.depth.DepthMiddleware']
2018-08-07 15:40:04 [scrapy.middleware] INFO: Enabled item pipelines:
['tencentjob.pipelines.TencentjobPipeline']
2018-08-07 15:40:04 [scrapy.core.engine] INFO: Spider opened
2018-08-07 15:40:04 [scrapy.extensions.logstats] INFO: Crawled 0 pages (at 0 pages/min), scraped 0 items (at 0 items/min)
2018-08-07 15:40:06 [scrapy.core.scraper] ERROR: Spider error processing <GET https://hr.tencent.com/position.php?&start=60#a> (referer: https://hr.tencent.com/position.php?&start=0)
Traceback (most recent call last):
  File "D:\Python\Python\lib\site-packages\scrapy\utils\defer.py", line 102, in iter_errback
    yield next(it)
  File "D:\Python\Python\lib\site-packages\scrapy\spidermiddlewares\offsite.py", line 30, in process_spider_output
    for x in result:
  File "D:\Python\Python\lib\site-packages\scrapy\spidermiddlewares\referer.py", line 339, in <genexpr>
    return (_set_referer(r) for r in result or ())
  File "D:\Python\Python\lib\site-packages\scrapy\spidermiddlewares\urllength.py", line 37, in <genexpr>
    return (r for r in result or () if _filter(r))
  File "D:\Python\Python\lib\site-packages\scrapy\spidermiddlewares\depth.py", line 58, in <genexpr>
    return (r for r in result or () if _filter(r))
  File "D:\Python\Python\lib\site-packages\scrapy\spiders\crawl.py", line 78, in _parse_response
    for requests_or_item in iterate_spider_output(cb_res):
  File "D:\DjangoProject\tencentjob\tencentjob\spiders\tencent.py", line 27, in parseContent
    items['positionInfo'] = positionInfo[0]
IndexError: list index out of range
2018-08-07 15:40:09 [scrapy.core.scraper] ERROR: Spider error processing <GET https://hr.tencent.com/position.php?&start=3240#a> (referer: https://hr.tencent.com/position.php?&start=3280)
Traceback (most recent call last):
  File "D:\Python\Python\lib\site-packages\scrapy\utils\defer.py", line 102, in iter_errback
    yield next(it)
  File "D:\Python\Python\lib\site-packages\scrapy\spidermiddlewares\offsite.py", line 30, in process_spider_output
    for x in result:
  File "D:\Python\Python\lib\site-packages\scrapy\spidermiddlewares\referer.py", line 339, in <genexpr>
    return (_set_referer(r) for r in result or ())
  File "D:\Python\Python\lib\site-packages\scrapy\spidermiddlewares\urllength.py", line 37, in <genexpr>
    return (r for r in result or () if _filter(r))
  File "D:\Python\Python\lib\site-packages\scrapy\spidermiddlewares\depth.py", line 58, in <genexpr>
    return (r for r in result or () if _filter(r))
  File "D:\Python\Python\lib\site-packages\scrapy\spiders\crawl.py", line 78, in _parse_response
    for requests_or_item in iterate_spider_output(cb_res):
  File "D:\DjangoProject\tencentjob\tencentjob\spiders\tencent.py", line 27, in parseContent
    items['positionInfo'] = positionInfo[0]
IndexError: list index out of range
2018-08-07 15:40:15 [scrapy.core.scraper] ERROR: Spider error processing <GET https://hr.tencent.com/position.php?&start=2590#a> (referer: https://hr.tencent.com/position.php?&start=2630)
Traceback (most recent call last):
  File "D:\Python\Python\lib\site-packages\scrapy\utils\defer.py", line 102, in iter_errback
    yield next(it)
  File "D:\Python\Python\lib\site-packages\scrapy\spidermiddlewares\offsite.py", line 30, in process_spider_output
    for x in result:
  File "D:\Python\Python\lib\site-packages\scrapy\spidermiddlewares\referer.py", line 339, in <genexpr>
    return (_set_referer(r) for r in result or ())
  File "D:\Python\Python\lib\site-packages\scrapy\spidermiddlewares\urllength.py", line 37, in <genexpr>
    return (r for r in result or () if _filter(r))
  File "D:\Python\Python\lib\site-packages\scrapy\spidermiddlewares\depth.py", line 58, in <genexpr>
    return (r for r in result or () if _filter(r))
  File "D:\Python\Python\lib\site-packages\scrapy\spiders\crawl.py", line 78, in _parse_response
    for requests_or_item in iterate_spider_output(cb_res):
  File "D:\DjangoProject\tencentjob\tencentjob\spiders\tencent.py", line 27, in parseContent
    items['positionInfo'] = positionInfo[0]
IndexError: list index out of range
2018-08-07 15:40:15 [scrapy.core.scraper] ERROR: Spider error processing <GET https://hr.tencent.com/position.php?&start=2540#a> (referer: https://hr.tencent.com/position.php?&start=2580)
Traceback (most recent call last):
  File "D:\Python\Python\lib\site-packages\scrapy\utils\defer.py", line 102, in iter_errback
    yield next(it)
  File "D:\Python\Python\lib\site-packages\scrapy\spidermiddlewares\offsite.py", line 30, in process_spider_output
    for x in result:
  File "D:\Python\Python\lib\site-packages\scrapy\spidermiddlewares\referer.py", line 339, in <genexpr>
    return (_set_referer(r) for r in result or ())
  File "D:\Python\Python\lib\site-packages\scrapy\spidermiddlewares\urllength.py", line 37, in <genexpr>
    return (r for r in result or () if _filter(r))
  File "D:\Python\Python\lib\site-packages\scrapy\spidermiddlewares\depth.py", line 58, in <genexpr>
    return (r for r in result or () if _filter(r))
  File "D:\Python\Python\lib\site-packages\scrapy\spiders\crawl.py", line 78, in _parse_response
    for requests_or_item in iterate_spider_output(cb_res):
  File "D:\DjangoProject\tencentjob\tencentjob\spiders\tencent.py", line 27, in parseContent
    items['positionInfo'] = positionInfo[0]
IndexError: list index out of range
2018-08-07 15:40:17 [scrapy.core.scraper] ERROR: Spider error processing <GET https://hr.tencent.com/position.php?&start=2300#a> (referer: https://hr.tencent.com/position.php?&start=2340)
Traceback (most recent call last):
  File "D:\Python\Python\lib\site-packages\scrapy\utils\defer.py", line 102, in iter_errback
    yield next(it)
  File "D:\Python\Python\lib\site-packages\scrapy\spidermiddlewares\offsite.py", line 30, in process_spider_output
    for x in result:
  File "D:\Python\Python\lib\site-packages\scrapy\spidermiddlewares\referer.py", line 339, in <genexpr>
    return (_set_referer(r) for r in result or ())
  File "D:\Python\Python\lib\site-packages\scrapy\spidermiddlewares\urllength.py", line 37, in <genexpr>
    return (r for r in result or () if _filter(r))
  File "D:\Python\Python\lib\site-packages\scrapy\spidermiddlewares\depth.py", line 58, in <genexpr>
    return (r for r in result or () if _filter(r))
  File "D:\Python\Python\lib\site-packages\scrapy\spiders\crawl.py", line 78, in _parse_response
    for requests_or_item in iterate_spider_output(cb_res):
  File "D:\DjangoProject\tencentjob\tencentjob\spiders\tencent.py", line 27, in parseContent
    items['positionInfo'] = positionInfo[0]
IndexError: list index out of range
2018-08-07 15:40:18 [scrapy.core.scraper] ERROR: Spider error processing <GET https://hr.tencent.com/position.php?&start=1080#a> (referer: https://hr.tencent.com/position.php?&start=1050)
Traceback (most recent call last):
  File "D:\Python\Python\lib\site-packages\scrapy\utils\defer.py", line 102, in iter_errback
    yield next(it)
  File "D:\Python\Python\lib\site-packages\scrapy\spidermiddlewares\offsite.py", line 30, in process_spider_output
    for x in result:
  File "D:\Python\Python\lib\site-packages\scrapy\spidermiddlewares\referer.py", line 339, in <genexpr>
    return (_set_referer(r) for r in result or ())
  File "D:\Python\Python\lib\site-packages\scrapy\spidermiddlewares\urllength.py", line 37, in <genexpr>
    return (r for r in result or () if _filter(r))
  File "D:\Python\Python\lib\site-packages\scrapy\spidermiddlewares\depth.py", line 58, in <genexpr>
    return (r for r in result or () if _filter(r))
  File "D:\Python\Python\lib\site-packages\scrapy\spiders\crawl.py", line 78, in _parse_response
    for requests_or_item in iterate_spider_output(cb_res):
  File "D:\DjangoProject\tencentjob\tencentjob\spiders\tencent.py", line 27, in parseContent
    items['positionInfo'] = positionInfo[0]
IndexError: list index out of range
2018-08-07 15:40:18 [scrapy.core.scraper] ERROR: Spider error processing <GET https://hr.tencent.com/position.php?&start=2180#a> (referer: https://hr.tencent.com/position.php?&start=2220)
Traceback (most recent call last):
  File "D:\Python\Python\lib\site-packages\scrapy\utils\defer.py", line 102, in iter_errback
    yield next(it)
  File "D:\Python\Python\lib\site-packages\scrapy\spidermiddlewares\offsite.py", line 30, in process_spider_output
    for x in result:
  File "D:\Python\Python\lib\site-packages\scrapy\spidermiddlewares\referer.py", line 339, in <genexpr>
    return (_set_referer(r) for r in result or ())
  File "D:\Python\Python\lib\site-packages\scrapy\spidermiddlewares\urllength.py", line 37, in <genexpr>
    return (r for r in result or () if _filter(r))
  File "D:\Python\Python\lib\site-packages\scrapy\spidermiddlewares\depth.py", line 58, in <genexpr>
    return (r for r in result or () if _filter(r))
  File "D:\Python\Python\lib\site-packages\scrapy\spiders\crawl.py", line 78, in _parse_response
    for requests_or_item in iterate_spider_output(cb_res):
  File "D:\DjangoProject\tencentjob\tencentjob\spiders\tencent.py", line 27, in parseContent
    items['positionInfo'] = positionInfo[0]
IndexError: list index out of range
2018-08-07 15:40:21 [scrapy.core.scraper] ERROR: Spider error processing <GET https://hr.tencent.com/position.php?&start=1290#a> (referer: https://hr.tencent.com/position.php?&start=1260)
Traceback (most recent call last):
  File "D:\Python\Python\lib\site-packages\scrapy\utils\defer.py", line 102, in iter_errback
    yield next(it)
  File "D:\Python\Python\lib\site-packages\scrapy\spidermiddlewares\offsite.py", line 30, in process_spider_output
    for x in result:
  File "D:\Python\Python\lib\site-packages\scrapy\spidermiddlewares\referer.py", line 339, in <genexpr>
    return (_set_referer(r) for r in result or ())
  File "D:\Python\Python\lib\site-packages\scrapy\spidermiddlewares\urllength.py", line 37, in <genexpr>
    return (r for r in result or () if _filter(r))
  File "D:\Python\Python\lib\site-packages\scrapy\spidermiddlewares\depth.py", line 58, in <genexpr>
    return (r for r in result or () if _filter(r))
  File "D:\Python\Python\lib\site-packages\scrapy\spiders\crawl.py", line 78, in _parse_response
    for requests_or_item in iterate_spider_output(cb_res):
  File "D:\DjangoProject\tencentjob\tencentjob\spiders\tencent.py", line 27, in parseContent
    items['positionInfo'] = positionInfo[0]
IndexError: list index out of range
2018-08-07 15:40:22 [scrapy.core.scraper] ERROR: Spider error processing <GET https://hr.tencent.com/position.php?&start=1390#a> (referer: https://hr.tencent.com/position.php?&start=1360)
Traceback (most recent call last):
  File "D:\Python\Python\lib\site-packages\scrapy\utils\defer.py", line 102, in iter_errback
    yield next(it)
  File "D:\Python\Python\lib\site-packages\scrapy\spidermiddlewares\offsite.py", line 30, in process_spider_output
    for x in result:
  File "D:\Python\Python\lib\site-packages\scrapy\spidermiddlewares\referer.py", line 339, in <genexpr>
    return (_set_referer(r) for r in result or ())
  File "D:\Python\Python\lib\site-packages\scrapy\spidermiddlewares\urllength.py", line 37, in <genexpr>
    return (r for r in result or () if _filter(r))
  File "D:\Python\Python\lib\site-packages\scrapy\spidermiddlewares\depth.py", line 58, in <genexpr>
    return (r for r in result or () if _filter(r))
  File "D:\Python\Python\lib\site-packages\scrapy\spiders\crawl.py", line 78, in _parse_response
    for requests_or_item in iterate_spider_output(cb_res):
  File "D:\DjangoProject\tencentjob\tencentjob\spiders\tencent.py", line 27, in parseContent
    items['positionInfo'] = positionInfo[0]
IndexError: list index out of range
2018-08-07 15:40:23 [scrapy.core.scraper] ERROR: Spider error processing <GET https://hr.tencent.com/position.php?&start=1630#a> (referer: https://hr.tencent.com/position.php?&start=1670)
Traceback (most recent call last):
  File "D:\Python\Python\lib\site-packages\scrapy\utils\defer.py", line 102, in iter_errback
    yield next(it)
  File "D:\Python\Python\lib\site-packages\scrapy\spidermiddlewares\offsite.py", line 30, in process_spider_output
    for x in result:
  File "D:\Python\Python\lib\site-packages\scrapy\spidermiddlewares\referer.py", line 339, in <genexpr>
    return (_set_referer(r) for r in result or ())
  File "D:\Python\Python\lib\site-packages\scrapy\spidermiddlewares\urllength.py", line 37, in <genexpr>
    return (r for r in result or () if _filter(r))
  File "D:\Python\Python\lib\site-packages\scrapy\spidermiddlewares\depth.py", line 58, in <genexpr>
    return (r for r in result or () if _filter(r))
  File "D:\Python\Python\lib\site-packages\scrapy\spiders\crawl.py", line 78, in _parse_response
    for requests_or_item in iterate_spider_output(cb_res):
  File "D:\DjangoProject\tencentjob\tencentjob\spiders\tencent.py", line 27, in parseContent
    items['positionInfo'] = positionInfo[0]
IndexError: list index out of range
2018-08-07 15:40:24 [scrapy.core.engine] INFO: Closing spider (finished)
2018-08-07 15:40:24 [scrapy.statscollectors] INFO: Dumping Scrapy stats:
{'downloader/request_bytes': 120253,
 'downloader/request_count': 354,
 'downloader/request_method_count/GET': 354,
 'downloader/response_bytes': 1482603,
 'downloader/response_count': 354,
 'downloader/response_status_count/200': 354,
 'dupefilter/filtered': 2388,
 'finish_reason': 'finished',
 'finish_time': datetime.datetime(2018, 8, 7, 7, 40, 24, 237476),
 'item_scraped_count': 1732,
 'log_count/ERROR': 10,
 'log_count/INFO': 7,
 'request_depth_max': 52,
 'response_received_count': 354,
 'scheduler/dequeued': 353,
 'scheduler/dequeued/memory': 353,
 'scheduler/enqueued': 353,
 'scheduler/enqueued/memory': 353,
 'spider_exceptions/IndexError': 10,
 'start_time': datetime.datetime(2018, 8, 7, 7, 40, 4, 883307)}
2018-08-07 15:40:24 [scrapy.core.engine] INFO: Spider closed (finished)
2018-08-07 15:54:17 [scrapy.utils.log] INFO: Scrapy 1.5.1 started (bot: tencentjob)
2018-08-07 15:54:17 [scrapy.utils.log] INFO: Versions: lxml 4.2.1.0, libxml2 2.9.5, cssselect 1.0.3, parsel 1.5.0, w3lib 1.19.0, Twisted 18.7.0, Python 3.6.2 (v3.6.2:5fd33b5, Jul  8 2017, 04:14:34) [MSC v.1900 32 bit (Intel)], pyOpenSSL 18.0.0 (OpenSSL 1.1.0h  27 Mar 2018), cryptography 2.3, Platform Windows-10-10.0.14393-SP0
2018-08-07 15:54:17 [scrapy.crawler] INFO: Overridden settings: {'BOT_NAME': 'tencentjob', 'LOG_FILE': 'TencentSpider.log', 'LOG_LEVEL': 'INFO', 'NEWSPIDER_MODULE': 'tencentjob.spiders', 'ROBOTSTXT_OBEY': True, 'SPIDER_MODULES': ['tencentjob.spiders']}
2018-08-07 15:54:17 [scrapy.middleware] INFO: Enabled extensions:
['scrapy.extensions.corestats.CoreStats',
 'scrapy.extensions.telnet.TelnetConsole',
 'scrapy.extensions.logstats.LogStats']
